e:\cplusplusproject\translateedopro\translateedopro\debug\vc141.pdb
e:\cplusplusproject\translateedopro\translateedopro\debug\vc141.idb
e:\cplusplusproject\translateedopro\translateedopro\debug\translateedopro.obj
e:\cplusplusproject\translateedopro\translateedopro\debug\proc.obj
e:\cplusplusproject\translateedopro\translateedopro\debug\inputmanager.obj
e:\cplusplusproject\translateedopro\translateedopro\debug\ntinfo.obj
e:\cplusplusproject\translateedopro\translateedopro\debug\translate.obj
e:\cplusplusproject\translateedopro\debug\translateedopro.exe
e:\cplusplusproject\translateedopro\debug\translateedopro.ilk
e:\cplusplusproject\translateedopro\debug\translateedopro.pdb
e:\cplusplusproject\translateedopro\translateedopro\debug\vcpkg.applocal.log
e:\cplusplusproject\translateedopro\debug\libcurl-d.dll
e:\cplusplusproject\translateedopro\debug\zlibd1.dll
e:\cplusplusproject\translateedopro\translateedopro\debug\translate.obj.enc
e:\cplusplusproject\translateedopro\translateedopro\debug\translateedopro.tlog\cl.command.1.tlog
e:\cplusplusproject\translateedopro\translateedopro\debug\translateedopro.tlog\cl.read.1.tlog
e:\cplusplusproject\translateedopro\translateedopro\debug\translateedopro.tlog\cl.write.1.tlog
e:\cplusplusproject\translateedopro\translateedopro\debug\translateedopro.tlog\link.command.1.tlog
e:\cplusplusproject\translateedopro\translateedopro\debug\translateedopro.tlog\link.read.1.tlog
e:\cplusplusproject\translateedopro\translateedopro\debug\translateedopro.tlog\link.write.1.tlog
e:\cplusplusproject\translateedopro\translateedopro\debug\translateedopro.tlog\translateedopro.write.1u.tlog
